This file contains any messages produced by compilers while
running configure, to aid debugging if configure makes a mistake.

It was created by configure, which was
generated by GNU Autoconf 2.59.  Invocation command line was

  $ ./configure 

## --------- ##
## Platform. ##
## --------- ##

hostname = breizh.intra.cea.fr
uname -m = x86_64
uname -r = 2.6.9-55.0.2.ELsmp
uname -s = Linux
uname -v = #1 SMP Tue Jun 26 14:14:47 EDT 2007

/usr/bin/uname -p = unknown
/bin/uname -X     = unknown

/bin/arch              = x86_64
/usr/bin/arch -k       = unknown
/usr/convex/getsysinfo = unknown
hostinfo               = unknown
/bin/machine           = unknown
/usr/bin/oslevel       = unknown
/bin/universe          = unknown

PATH: /share/apps/intel/cce/10.1.015/bin
PATH: /share/apps/intel/fce/10.1.015/bin
PATH: /share/apps/mx/bin
PATH: /share/apps/openmpi-intel/bin
PATH: /opt/gridengine/bin/lx26-amd64
PATH: /opt/mpich/myrinet_mx2g/gnu/bin
PATH: /opt/gridengine/bin/lx26-amd64
PATH: /share/apps/intel/cce/10.1.015/bin
PATH: /share/apps/intel/fce/10.1.015/bin
PATH: /share/apps/mx/bin
PATH: /share/apps/openmpi-intel/bin
PATH: /opt/gridengine/bin/lx26-amd64
PATH: /usr/java/jdk1.5.0_10/bin
PATH: /opt/intel/clck/1.1
PATH: /share/apps/intel/cce/10.1.015/bin
PATH: /share/apps/intel/fce/10.1.015/bin
PATH: /share/apps/mx/bin
PATH: /share/apps/openmpi-intel/bin
PATH: /opt/gridengine/bin/lx26-amd64
PATH: /opt/gridengine/bin/lx26-amd64
PATH: /share/apps/intel/cce/10.1.015/bin
PATH: /share/apps/intel/fce/10.1.015/bin
PATH: /share/apps/mx/bin
PATH: /share/apps/openmpi-intel/bin
PATH: /opt/gridengine/bin/lx26-amd64
PATH: /opt/gridengine/bin/lx26-amd64
PATH: /usr/java/jdk1.5.0_10/bin
PATH: /opt/intel/clck/1.1
PATH: /share/apps/intel/cce/10.1.015/bin
PATH: /share/apps/intel/fce/10.1.015/bin
PATH: /share/apps/mx/bin
PATH: /share/apps/openmpi-intel/bin
PATH: /opt/gridengine/bin/lx26-amd64
PATH: /opt/mpich/myrinet_mx2g/gnu/bin
PATH: /opt/gridengine/bin/lx26-amd64
PATH: /share/apps/intel/cce/10.1.015/bin
PATH: /share/apps/intel/fce/10.1.015/bin
PATH: /share/apps/mx/bin
PATH: /share/apps/openmpi-intel/bin
PATH: /opt/gridengine/bin/lx26-amd64
PATH: /usr/java/jdk1.5.0_10/bin
PATH: /opt/intel/clck/1.1
PATH: /share/apps/intel/cce/10.1.015/bin
PATH: /share/apps/intel/fce/10.1.015/bin
PATH: /share/apps/mx/bin
PATH: /share/apps/openmpi-intel/bin
PATH: /opt/gridengine/bin/lx26-amd64
PATH: /opt/mpich/myrinet_mx2g/gnu/bin
PATH: /opt/gridengine/bin/lx26-amd64
PATH: /usr/kerberos/bin
PATH: /usr/java/jdk1.5.0_10/bin
PATH: /opt/intel/clck/1.1
PATH: /share/apps/intel/cce/10.1.015/bin
PATH: /share/apps/intel/fce/10.1.015/bin
PATH: /share/apps/mx/bin
PATH: /share/apps/openmpi-intel/bin
PATH: /opt/gridengine/bin/lx26-amd64
PATH: /usr/local/bin
PATH: /bin
PATH: /usr/bin
PATH: /opt/eclipse
PATH: /opt/ganglia/bin
PATH: /opt/ganglia/sbin
PATH: /opt/maven/bin
PATH: /usr/NX/bin
PATH: /opt/rocks/bin
PATH: /opt/rocks/sbin
PATH: /opt/eclipse
PATH: /opt/ganglia/bin
PATH: /opt/ganglia/sbin
PATH: /opt/maven/bin
PATH: /usr/NX/bin
PATH: /opt/rocks/bin
PATH: /opt/rocks/sbin
PATH: /usr/X11R6/bin
PATH: /opt/eclipse
PATH: /opt/ganglia/bin
PATH: /opt/ganglia/sbin
PATH: /opt/maven/bin
PATH: /usr/NX/bin
PATH: /opt/rocks/bin
PATH: /opt/rocks/sbin
PATH: /opt/eclipse
PATH: /opt/ganglia/bin
PATH: /opt/ganglia/sbin
PATH: /opt/maven/bin
PATH: /usr/NX/bin
PATH: /opt/rocks/bin
PATH: /opt/rocks/sbin


## ----------- ##
## Core tests. ##
## ----------- ##

configure:1298: checking for gcc
configure:1314: found /usr/bin/gcc
configure:1324: result: gcc
configure:1568: checking for C compiler version
configure:1571: gcc --version </dev/null >&5
gcc (GCC) 3.4.6 20060404 (Red Hat 3.4.6-10)
Copyright (C) 2006 Free Software Foundation, Inc.
This is free software; see the source for copying conditions.  There is NO
warranty; not even for MERCHANTABILITY or FITNESS FOR A PARTICULAR PURPOSE.

configure:1574: $? = 0
configure:1576: gcc -v </dev/null >&5
Reading specs from /usr/lib/gcc/x86_64-redhat-linux/3.4.6/specs
Configured with: ../configure --prefix=/usr --mandir=/usr/share/man --infodir=/usr/share/info --enable-shared --enable-threads=posix --disable-checking --with-system-zlib --enable-__cxa_atexit --disable-libunwind-exceptions --enable-java-awt=gtk --host=x86_64-redhat-linux
Thread model: posix
gcc version 3.4.6 20060404 (Red Hat 3.4.6-10)
configure:1579: $? = 0
configure:1581: gcc -V </dev/null >&5
gcc: `-V' option must have argument
configure:1584: $? = 1
configure:1607: checking for C compiler default output file name
configure:1610: gcc    conftest.c  >&5
configure:1613: $? = 0
configure:1659: result: a.out
configure:1664: checking whether the C compiler works
configure:1670: ./a.out
configure:1673: $? = 0
configure:1690: result: yes
configure:1697: checking whether we are cross compiling
configure:1699: result: no
configure:1702: checking for suffix of executables
configure:1704: gcc -o conftest    conftest.c  >&5
configure:1707: $? = 0
configure:1732: result: 
configure:1738: checking for suffix of object files
configure:1759: gcc -c   conftest.c >&5
configure:1762: $? = 0
configure:1784: result: o
configure:1788: checking whether we are using the GNU C compiler
configure:1812: gcc -c   conftest.c >&5
configure:1818: $? = 0
configure:1822: test -z 
			 || test ! -s conftest.err
configure:1825: $? = 0
configure:1828: test -s conftest.o
configure:1831: $? = 0
configure:1844: result: yes
configure:1850: checking whether gcc accepts -g
configure:1871: gcc -c -g  conftest.c >&5
configure:1877: $? = 0
configure:1881: test -z 
			 || test ! -s conftest.err
configure:1884: $? = 0
configure:1887: test -s conftest.o
configure:1890: $? = 0
configure:1901: result: yes
configure:1918: checking for gcc option to accept ANSI C
configure:1988: gcc  -c -g -O2  conftest.c >&5
configure:1994: $? = 0
configure:1998: test -z 
			 || test ! -s conftest.err
configure:2001: $? = 0
configure:2004: test -s conftest.o
configure:2007: $? = 0
configure:2025: result: none needed
configure:2043: gcc -c -g -O2  conftest.c >&5
conftest.c:2: error: syntax error before "me"
configure:2049: $? = 1
configure: failed program was:
| #ifndef __cplusplus
|   choke me
| #endif
configure:2187: checking for flex
configure:2216: result: no
configure:2187: checking for lex
configure:2216: result: no
configure:2226: checking for yywrap in -lfl
configure:2256: gcc -o conftest -g -O2   conftest.c -lfl   >&5
/usr/bin/ld: cannot find -lfl
collect2: ld returned 1 exit status
configure:2262: $? = 1
configure: failed program was:
| /* confdefs.h.  */
| 
| #define PACKAGE_NAME ""
| #define PACKAGE_TARNAME ""
| #define PACKAGE_VERSION ""
| #define PACKAGE_STRING ""
| #define PACKAGE_BUGREPORT ""
| /* end confdefs.h.  */
| 
| /* Override any gcc2 internal prototype to avoid an error.  */
| #ifdef __cplusplus
| extern "C"
| #endif
| /* We use char because int might match the return type of a gcc2
|    builtin and then its argument prototype would still apply.  */
| char yywrap ();
| int
| main ()
| {
| yywrap ();
|   ;
|   return 0;
| }
configure:2288: result: no
configure:2293: checking for yywrap in -ll
configure:2323: gcc -o conftest -g -O2   conftest.c -ll   >&5
/usr/bin/ld: cannot find -ll
collect2: ld returned 1 exit status
configure:2329: $? = 1
configure: failed program was:
| /* confdefs.h.  */
| 
| #define PACKAGE_NAME ""
| #define PACKAGE_TARNAME ""
| #define PACKAGE_VERSION ""
| #define PACKAGE_STRING ""
| #define PACKAGE_BUGREPORT ""
| /* end confdefs.h.  */
| 
| /* Override any gcc2 internal prototype to avoid an error.  */
| #ifdef __cplusplus
| extern "C"
| #endif
| /* We use char because int might match the return type of a gcc2
|    builtin and then its argument prototype would still apply.  */
| char yywrap ();
| int
| main ()
| {
| yywrap ();
|   ;
|   return 0;
| }
configure:2355: result: no
configure:2461: checking for bison
configure:2477: found /usr/bin/bison
configure:2487: result: bison -y
configure:2536: checking for a BSD-compatible install
configure:2591: result: /usr/bin/install -c
configure:2607: checking how to run the C preprocessor
configure:2642: gcc -E  conftest.c
configure:2648: $? = 0
configure:2680: gcc -E  conftest.c
conftest.c:9:28: ac_nonexistent.h: No such file or directory
configure:2686: $? = 1
configure: failed program was:
| /* confdefs.h.  */
| 
| #define PACKAGE_NAME ""
| #define PACKAGE_TARNAME ""
| #define PACKAGE_VERSION ""
| #define PACKAGE_STRING ""
| #define PACKAGE_BUGREPORT ""
| /* end confdefs.h.  */
| #include <ac_nonexistent.h>
configure:2725: result: gcc -E
configure:2749: gcc -E  conftest.c
configure:2755: $? = 0
configure:2787: gcc -E  conftest.c
conftest.c:9:28: ac_nonexistent.h: No such file or directory
configure:2793: $? = 1
configure: failed program was:
| /* confdefs.h.  */
| 
| #define PACKAGE_NAME ""
| #define PACKAGE_TARNAME ""
| #define PACKAGE_VERSION ""
| #define PACKAGE_STRING ""
| #define PACKAGE_BUGREPORT ""
| /* end confdefs.h.  */
| #include <ac_nonexistent.h>
configure:2837: checking for egrep
configure:2847: result: grep -E
configure:2854: checking for working alloca.h
configure:2875: gcc -o conftest -g -O2   conftest.c  >&5
configure:2881: $? = 0
configure:2885: test -z 
			 || test ! -s conftest.err
configure:2888: $? = 0
configure:2891: test -s conftest
configure:2894: $? = 0
configure:2906: result: yes
configure:2916: checking for alloca
configure:2957: gcc -o conftest -g -O2   conftest.c  >&5
configure:2963: $? = 0
configure:2967: test -z 
			 || test ! -s conftest.err
configure:2970: $? = 0
configure:2973: test -s conftest
configure:2976: $? = 0
configure:2988: result: yes
configure:3215: checking for strcasecmp
configure:3272: gcc -o conftest -g -O2   conftest.c  >&5
configure:3278: $? = 0
configure:3282: test -z 
			 || test ! -s conftest.err
configure:3285: $? = 0
configure:3288: test -s conftest
configure:3291: $? = 0
configure:3303: result: yes
configure:3421: creating ./config.status

## ---------------------- ##
## Running config.status. ##
## ---------------------- ##

This file was extended by config.status, which was
generated by GNU Autoconf 2.59.  Invocation command line was

  CONFIG_FILES    = 
  CONFIG_HEADERS  = 
  CONFIG_LINKS    = 
  CONFIG_COMMANDS = 
  $ ./config.status 

on breizh.intra.cea.fr

config.status:654: creating Makefile
config.status:758: creating config.h
config.status:846: config.h is unchanged

## ---------------- ##
## Cache variables. ##
## ---------------- ##

ac_cv_c_compiler_gnu=yes
ac_cv_env_CC_set=
ac_cv_env_CC_value=
ac_cv_env_CFLAGS_set=
ac_cv_env_CFLAGS_value=
ac_cv_env_CPPFLAGS_set=
ac_cv_env_CPPFLAGS_value=
ac_cv_env_CPP_set=
ac_cv_env_CPP_value=
ac_cv_env_LDFLAGS_set=
ac_cv_env_LDFLAGS_value=
ac_cv_env_build_alias_set=
ac_cv_env_build_alias_value=
ac_cv_env_host_alias_set=
ac_cv_env_host_alias_value=
ac_cv_env_target_alias_set=
ac_cv_env_target_alias_value=
ac_cv_exeext=
ac_cv_func_alloca_works=yes
ac_cv_func_strcasecmp=yes
ac_cv_lib_fl_yywrap=no
ac_cv_lib_l_yywrap=no
ac_cv_objext=o
ac_cv_path_install='/usr/bin/install -c'
ac_cv_prog_CPP='gcc -E'
ac_cv_prog_YACC='bison -y'
ac_cv_prog_ac_ct_CC=gcc
ac_cv_prog_cc_g=yes
ac_cv_prog_cc_stdc=
ac_cv_prog_egrep='grep -E'
ac_cv_working_alloca_h=yes

## ----------------- ##
## Output variables. ##
## ----------------- ##

ALLOCA=''
CC='gcc'
CFLAGS='-g -O2'
CPP='gcc -E'
CPPFLAGS=''
DEFS='-DHAVE_CONFIG_H'
ECHO_C=''
ECHO_N='-n'
ECHO_T=''
EGREP='grep -E'
EXEEXT=''
INSTALL_DATA='${INSTALL} -m 644'
INSTALL_PROGRAM='${INSTALL}'
INSTALL_SCRIPT='${INSTALL}'
LDFLAGS=''
LEX=':'
LEXLIB=''
LEX_OUTPUT_ROOT=''
LIBOBJS=''
LIBS=''
LTLIBOBJS=''
OBJEXT='o'
PACKAGE_BUGREPORT=''
PACKAGE_NAME=''
PACKAGE_STRING=''
PACKAGE_TARNAME=''
PACKAGE_VERSION=''
PATH_SEPARATOR=':'
SHELL='/bin/sh'
YACC='bison -y'
ac_ct_CC='gcc'
bindir='${exec_prefix}/bin'
build_alias=''
datadir='${prefix}/share'
exec_prefix='${prefix}'
host_alias=''
includedir='${prefix}/include'
infodir='${prefix}/info'
libdir='${exec_prefix}/lib'
libexecdir='${exec_prefix}/libexec'
localstatedir='${prefix}/var'
mandir='${prefix}/man'
oldincludedir='/usr/include'
prefix='/usr/local'
program_transform_name='s,x,x,'
sbindir='${exec_prefix}/sbin'
sharedstatedir='${prefix}/com'
sysconfdir='${prefix}/etc'
target_alias=''

## ----------- ##
## confdefs.h. ##
## ----------- ##

#define HAVE_ALLOCA 1
#define HAVE_ALLOCA_H 1
#define HAVE_STRCASECMP 1
#define PACKAGE_BUGREPORT ""
#define PACKAGE_NAME ""
#define PACKAGE_STRING ""
#define PACKAGE_TARNAME ""
#define PACKAGE_VERSION ""

configure: exit 0
